Started GET "/" for 127.0.0.1 at 2017-04-02 17:10:57 -0400
Started GET "/" for 127.0.0.1 at 2017-04-02 17:10:57 -0400
Processing by PagesController#home as HTML
  Rendering pages/home.html.erb within layouts/application
Processing by PagesController#home as HTML
  Rendered pages/home.html.erb within layouts/application (4.5ms)
  Rendering pages/home.html.erb within layouts/application
  Rendered pages/home.html.erb within layouts/application (0.2ms)
Completed 200 OK in 8767ms (Views: 8747.5ms | ActiveRecord: 0.0ms)


Completed 200 OK in 8819ms (Views: 8817.0ms | ActiveRecord: 0.0ms)


Started GET "/" for 127.0.0.1 at 2017-04-02 17:11:44 -0400
Processing by PagesController#home as HTML
  Rendering pages/home.html.erb within layouts/application
  Rendered pages/home.html.erb within layouts/application (0.5ms)
Completed 500 Internal Server Error in 14ms (ActiveRecord: 0.0ms)


  
ActionView::Template::Error (Invalid CSS after "  font-weight": expected ";", was ": lighter;"):
    4:     <title>Frank-OH!</title>
    5:     <%= csrf_meta_tags %>
    6: 
    7:     <%= stylesheet_link_tag    'application', media: 'all', 'data-turbolinks-track': 'reload' %>
    8:     <%= javascript_include_tag 'application', 'data-turbolinks-track': 'reload' %>
    9:     <link href='http://fonts.googleapis.com/css?family=Lato:400,700' rel='stylesheet' type='text/css'>
   10:   </head>
  
app/assets/stylesheets/application.scss:17
app/views/layouts/application.html.erb:7:in `_app_views_layouts_application_html_erb__3015308880410403937_69880645409440'
  Rendering /home/dcheley/.rbenv/versions/2.4.0/lib/ruby/gems/2.4.0/gems/actionpack-5.0.2/lib/action_dispatch/middleware/templates/rescues/template_error.html.erb within rescues/layout
  Rendering /home/dcheley/.rbenv/versions/2.4.0/lib/ruby/gems/2.4.0/gems/actionpack-5.0.2/lib/action_dispatch/middleware/templates/rescues/_source.html.erb
  Rendered /home/dcheley/.rbenv/versions/2.4.0/lib/ruby/gems/2.4.0/gems/actionpack-5.0.2/lib/action_dispatch/middleware/templates/rescues/_source.html.erb (12.8ms)
  Rendering /home/dcheley/.rbenv/versions/2.4.0/lib/ruby/gems/2.4.0/gems/actionpack-5.0.2/lib/action_dispatch/middleware/templates/rescues/_trace.html.erb
  Rendered /home/dcheley/.rbenv/versions/2.4.0/lib/ruby/gems/2.4.0/gems/actionpack-5.0.2/lib/action_dispatch/middleware/templates/rescues/_trace.html.erb (4.4ms)
  Rendering /home/dcheley/.rbenv/versions/2.4.0/lib/ruby/gems/2.4.0/gems/actionpack-5.0.2/lib/action_dispatch/middleware/templates/rescues/_request_and_response.html.erb
  Rendered /home/dcheley/.rbenv/versions/2.4.0/lib/ruby/gems/2.4.0/gems/actionpack-5.0.2/lib/action_dispatch/middleware/templates/rescues/_request_and_response.html.erb (1.1ms)
  Rendered /home/dcheley/.rbenv/versions/2.4.0/lib/ruby/gems/2.4.0/gems/actionpack-5.0.2/lib/action_dispatch/middleware/templates/rescues/template_error.html.erb within rescues/layout (39.5ms)
Started GET "/" for 127.0.0.1 at 2017-04-02 17:12:19 -0400
Processing by PagesController#home as HTML
  Rendering pages/home.html.erb within layouts/application
  Rendered pages/home.html.erb within layouts/application (0.5ms)
Completed 500 Internal Server Error in 12ms (ActiveRecord: 0.0ms)


  
ActionView::Template::Error (Invalid CSS after "  font-weight": expected ";", was ": 100;"):
    4:     <title>Frank-OH!</title>
    5:     <%= csrf_meta_tags %>
    6: 
    7:     <%= stylesheet_link_tag    'application', media: 'all', 'data-turbolinks-track': 'reload' %>
    8:     <%= javascript_include_tag 'application', 'data-turbolinks-track': 'reload' %>
    9:     <link href='http://fonts.googleapis.com/css?family=Lato:400,700' rel='stylesheet' type='text/css'>
   10:   </head>
  
app/assets/stylesheets/application.scss:17
app/views/layouts/application.html.erb:7:in `_app_views_layouts_application_html_erb__3015308880410403937_69880645112080'
  Rendering /home/dcheley/.rbenv/versions/2.4.0/lib/ruby/gems/2.4.0/gems/actionpack-5.0.2/lib/action_dispatch/middleware/templates/rescues/template_error.html.erb within rescues/layout
  Rendering /home/dcheley/.rbenv/versions/2.4.0/lib/ruby/gems/2.4.0/gems/actionpack-5.0.2/lib/action_dispatch/middleware/templates/rescues/_source.html.erb
  Rendered /home/dcheley/.rbenv/versions/2.4.0/lib/ruby/gems/2.4.0/gems/actionpack-5.0.2/lib/action_dispatch/middleware/templates/rescues/_source.html.erb (13.0ms)
  Rendering /home/dcheley/.rbenv/versions/2.4.0/lib/ruby/gems/2.4.0/gems/actionpack-5.0.2/lib/action_dispatch/middleware/templates/rescues/_trace.html.erb
  Rendered /home/dcheley/.rbenv/versions/2.4.0/lib/ruby/gems/2.4.0/gems/actionpack-5.0.2/lib/action_dispatch/middleware/templates/rescues/_trace.html.erb (4.8ms)
  Rendering /home/dcheley/.rbenv/versions/2.4.0/lib/ruby/gems/2.4.0/gems/actionpack-5.0.2/lib/action_dispatch/middleware/templates/rescues/_request_and_response.html.erb
  Rendered /home/dcheley/.rbenv/versions/2.4.0/lib/ruby/gems/2.4.0/gems/actionpack-5.0.2/lib/action_dispatch/middleware/templates/rescues/_request_and_response.html.erb (1.1ms)
  Rendered /home/dcheley/.rbenv/versions/2.4.0/lib/ruby/gems/2.4.0/gems/actionpack-5.0.2/lib/action_dispatch/middleware/templates/rescues/template_error.html.erb within rescues/layout (39.8ms)
Started GET "/" for 127.0.0.1 at 2017-04-02 17:12:29 -0400
Processing by PagesController#home as HTML
  Rendering pages/home.html.erb within layouts/application
  Rendered pages/home.html.erb within layouts/application (0.6ms)
Completed 500 Internal Server Error in 14ms (ActiveRecord: 0.0ms)


  
ActionView::Template::Error (Invalid CSS after "  font-weight": expected ";", was ": normal;"):
    4:     <title>Frank-OH!</title>
    5:     <%= csrf_meta_tags %>
    6: 
    7:     <%= stylesheet_link_tag    'application', media: 'all', 'data-turbolinks-track': 'reload' %>
    8:     <%= javascript_include_tag 'application', 'data-turbolinks-track': 'reload' %>
    9:     <link href='http://fonts.googleapis.com/css?family=Lato:400,700' rel='stylesheet' type='text/css'>
   10:   </head>
  
app/assets/stylesheets/application.scss:17
app/views/layouts/application.html.erb:7:in `_app_views_layouts_application_html_erb__3015308880410403937_69880778772100'
  Rendering /home/dcheley/.rbenv/versions/2.4.0/lib/ruby/gems/2.4.0/gems/actionpack-5.0.2/lib/action_dispatch/middleware/templates/rescues/template_error.html.erb within rescues/layout
  Rendering /home/dcheley/.rbenv/versions/2.4.0/lib/ruby/gems/2.4.0/gems/actionpack-5.0.2/lib/action_dispatch/middleware/templates/rescues/_source.html.erb
  Rendered /home/dcheley/.rbenv/versions/2.4.0/lib/ruby/gems/2.4.0/gems/actionpack-5.0.2/lib/action_dispatch/middleware/templates/rescues/_source.html.erb (13.0ms)
  Rendering /home/dcheley/.rbenv/versions/2.4.0/lib/ruby/gems/2.4.0/gems/actionpack-5.0.2/lib/action_dispatch/middleware/templates/rescues/_trace.html.erb
  Rendered /home/dcheley/.rbenv/versions/2.4.0/lib/ruby/gems/2.4.0/gems/actionpack-5.0.2/lib/action_dispatch/middleware/templates/rescues/_trace.html.erb (4.4ms)
  Rendering /home/dcheley/.rbenv/versions/2.4.0/lib/ruby/gems/2.4.0/gems/actionpack-5.0.2/lib/action_dispatch/middleware/templates/rescues/_request_and_response.html.erb
  Rendered /home/dcheley/.rbenv/versions/2.4.0/lib/ruby/gems/2.4.0/gems/actionpack-5.0.2/lib/action_dispatch/middleware/templates/rescues/_request_and_response.html.erb (1.2ms)
  Rendered /home/dcheley/.rbenv/versions/2.4.0/lib/ruby/gems/2.4.0/gems/actionpack-5.0.2/lib/action_dispatch/middleware/templates/rescues/template_error.html.erb within rescues/layout (41.4ms)
Started GET "/" for 127.0.0.1 at 2017-04-02 17:12:36 -0400
Processing by PagesController#home as HTML
  Rendering pages/home.html.erb within layouts/application
  Rendered pages/home.html.erb within layouts/application (0.7ms)
Completed 500 Internal Server Error in 14ms (ActiveRecord: 0.0ms)


  
ActionView::Template::Error (Invalid CSS after "  font-weight": expected ";", was ": normal;"):
    4:     <title>Frank-OH!</title>
    5:     <%= csrf_meta_tags %>
    6: 
    7:     <%= stylesheet_link_tag    'application', media: 'all', 'data-turbolinks-track': 'reload' %>
    8:     <%= javascript_include_tag 'application', 'data-turbolinks-track': 'reload' %>
    9:     <link href='http://fonts.googleapis.com/css?family=Lato:400,700' rel='stylesheet' type='text/css'>
   10:   </head>
  
app/assets/stylesheets/application.scss:17
app/views/layouts/application.html.erb:7:in `_app_views_layouts_application_html_erb__3015308880410403937_69880631290360'
  Rendering /home/dcheley/.rbenv/versions/2.4.0/lib/ruby/gems/2.4.0/gems/actionpack-5.0.2/lib/action_dispatch/middleware/templates/rescues/template_error.html.erb within rescues/layout
  Rendering /home/dcheley/.rbenv/versions/2.4.0/lib/ruby/gems/2.4.0/gems/actionpack-5.0.2/lib/action_dispatch/middleware/templates/rescues/_source.html.erb
  Rendered /home/dcheley/.rbenv/versions/2.4.0/lib/ruby/gems/2.4.0/gems/actionpack-5.0.2/lib/action_dispatch/middleware/templates/rescues/_source.html.erb (11.0ms)
  Rendering /home/dcheley/.rbenv/versions/2.4.0/lib/ruby/gems/2.4.0/gems/actionpack-5.0.2/lib/action_dispatch/middleware/templates/rescues/_trace.html.erb
  Rendered /home/dcheley/.rbenv/versions/2.4.0/lib/ruby/gems/2.4.0/gems/actionpack-5.0.2/lib/action_dispatch/middleware/templates/rescues/_trace.html.erb (3.9ms)
  Rendering /home/dcheley/.rbenv/versions/2.4.0/lib/ruby/gems/2.4.0/gems/actionpack-5.0.2/lib/action_dispatch/middleware/templates/rescues/_request_and_response.html.erb
  Rendered /home/dcheley/.rbenv/versions/2.4.0/lib/ruby/gems/2.4.0/gems/actionpack-5.0.2/lib/action_dispatch/middleware/templates/rescues/_request_and_response.html.erb (1.0ms)
  Rendered /home/dcheley/.rbenv/versions/2.4.0/lib/ruby/gems/2.4.0/gems/actionpack-5.0.2/lib/action_dispatch/middleware/templates/rescues/template_error.html.erb within rescues/layout (39.4ms)
Started GET "/" for 127.0.0.1 at 2017-04-02 17:13:14 -0400
Processing by PagesController#home as HTML
  Rendering pages/home.html.erb within layouts/application
  Rendered pages/home.html.erb within layouts/application (0.5ms)
Started GET "/" for 127.0.0.1 at 2017-04-02 17:13:14 -0400
Processing by PagesController#home as HTML
  Rendering pages/home.html.erb within layouts/application
  Rendered pages/home.html.erb within layouts/application (0.5ms)
Completed 200 OK in 4193ms (Views: 4190.9ms | ActiveRecord: 0.0ms)


Completed 200 OK in 4198ms (Views: 4196.0ms | ActiveRecord: 0.0ms)


Started GET "/" for 127.0.0.1 at 2017-04-02 17:13:24 -0400
Processing by PagesController#home as HTML
  Rendering pages/home.html.erb within layouts/application
  Rendered pages/home.html.erb within layouts/application (0.6ms)
Completed 200 OK in 1847ms (Views: 1845.5ms | ActiveRecord: 0.0ms)


Started GET "/" for 127.0.0.1 at 2017-04-02 17:13:35 -0400
Processing by PagesController#home as HTML
  Rendering pages/home.html.erb within layouts/application
  Rendered pages/home.html.erb within layouts/application (0.6ms)
Completed 200 OK in 1931ms (Views: 1929.8ms | ActiveRecord: 0.0ms)


Started GET "/" for 127.0.0.1 at 2017-04-02 17:13:46 -0400
Processing by PagesController#home as HTML
  Rendering pages/home.html.erb within layouts/application
  Rendered pages/home.html.erb within layouts/application (0.5ms)
Completed 200 OK in 1834ms (Views: 1832.7ms | ActiveRecord: 0.0ms)


Started GET "/" for 127.0.0.1 at 2017-04-02 17:14:09 -0400
Processing by PagesController#home as HTML
  Rendering pages/home.html.erb within layouts/application
  Rendered pages/home.html.erb within layouts/application (0.6ms)
Completed 200 OK in 1945ms (Views: 1942.7ms | ActiveRecord: 0.0ms)


Started GET "/" for 127.0.0.1 at 2017-04-02 17:14:24 -0400
Processing by PagesController#home as HTML
  Rendering pages/home.html.erb within layouts/application
  Rendered pages/home.html.erb within layouts/application (1.7ms)
Completed 200 OK in 256ms (Views: 244.3ms | ActiveRecord: 0.0ms)


Started GET "/" for 127.0.0.1 at 2017-04-02 17:19:21 -0400
Processing by PagesController#home as HTML
  Rendering pages/home.html.erb within layouts/application
  Rendered pages/home.html.erb within layouts/application (1.4ms)
Completed 200 OK in 2576ms (Views: 2565.5ms | ActiveRecord: 0.0ms)


Started GET "/" for 127.0.0.1 at 2017-04-02 17:19:35 -0400
Processing by PagesController#home as HTML
  Rendering pages/home.html.erb within layouts/application
  Rendered pages/home.html.erb within layouts/application (0.6ms)
Completed 200 OK in 1882ms (Views: 1879.9ms | ActiveRecord: 0.0ms)


Started GET "/" for 127.0.0.1 at 2017-04-02 17:19:46 -0400
Processing by PagesController#home as HTML
  Rendering pages/home.html.erb within layouts/application
  Rendered pages/home.html.erb within layouts/application (0.5ms)
Completed 200 OK in 36ms (Views: 35.0ms | ActiveRecord: 0.0ms)


Started GET "/" for 127.0.0.1 at 2017-04-02 17:22:39 -0400
Processing by PagesController#home as HTML
  Rendering pages/home.html.erb within layouts/application
  Rendered pages/home.html.erb within layouts/application (0.7ms)
Completed 200 OK in 2130ms (Views: 2128.8ms | ActiveRecord: 0.0ms)


Started GET "/" for 127.0.0.1 at 2017-04-02 17:22:59 -0400
Processing by PagesController#home as HTML
  Rendering pages/home.html.erb within layouts/application
  Rendered pages/home.html.erb within layouts/application (0.5ms)
Completed 200 OK in 2087ms (Views: 2085.5ms | ActiveRecord: 0.0ms)


Started GET "/" for 127.0.0.1 at 2017-04-02 17:23:46 -0400
Processing by PagesController#home as HTML
  Rendering pages/home.html.erb within layouts/application
  Rendered pages/home.html.erb within layouts/application (0.5ms)
Completed 200 OK in 1916ms (Views: 1914.4ms | ActiveRecord: 0.0ms)


Started GET "/" for 127.0.0.1 at 2017-04-02 17:23:53 -0400
Processing by PagesController#home as HTML
  Rendering pages/home.html.erb within layouts/application
  Rendered pages/home.html.erb within layouts/application (1.3ms)
Completed 200 OK in 2578ms (Views: 2566.8ms | ActiveRecord: 0.0ms)


